mode: atomic
github.com/suparena/ptd/envelope.go:58.55,61.32 2 2
github.com/suparena/ptd/envelope.go:61.32,65.3 3 1
github.com/suparena/ptd/envelope.go:68.2,68.27 1 2
github.com/suparena/ptd/envelope.go:72.40,73.16 1 5
github.com/suparena/ptd/envelope.go:73.16,75.3 1 1
github.com/suparena/ptd/envelope.go:76.2,76.18 1 4
github.com/suparena/ptd/envelope.go:76.18,78.3 1 1
github.com/suparena/ptd/envelope.go:79.2,79.25 1 3
github.com/suparena/ptd/envelope.go:79.25,81.3 1 1
github.com/suparena/ptd/envelope.go:82.2,82.12 1 2
github.com/suparena/ptd/id.go:20.36,24.2 1 7
github.com/suparena/ptd/id.go:27.60,33.2 4 1121
github.com/suparena/ptd/id.go:36.45,42.2 4 13
github.com/suparena/ptd/id.go:45.90,47.21 2 14
github.com/suparena/ptd/id.go:47.21,49.3 1 7
github.com/suparena/ptd/id.go:51.2,51.23 1 7
github.com/suparena/ptd/id.go:51.23,53.3 1 1
github.com/suparena/ptd/id.go:55.2,55.42 1 6
github.com/suparena/ptd/id.go:59.33,62.2 2 6
github.com/suparena/ptd/id.go:65.28,68.2 2 14
github.com/suparena/ptd/id.go:74.43,76.2 1 16
github.com/suparena/ptd/id.go:79.28,81.2 1 6
github.com/suparena/ptd/package.go:52.46,66.2 1 4
github.com/suparena/ptd/package.go:69.80,72.47 2 3
github.com/suparena/ptd/package.go:72.47,74.3 1 0
github.com/suparena/ptd/package.go:77.2,81.16 4 3
github.com/suparena/ptd/package.go:81.16,83.3 1 0
github.com/suparena/ptd/package.go:84.2,87.34 2 3
github.com/suparena/ptd/package.go:87.34,89.17 2 4
github.com/suparena/ptd/package.go:89.17,91.4 1 0
github.com/suparena/ptd/package.go:93.3,93.59 1 4
github.com/suparena/ptd/package.go:93.59,95.4 1 0
github.com/suparena/ptd/package.go:99.2,104.12 2 3
github.com/suparena/ptd/package.go:108.58,113.87 2 2
github.com/suparena/ptd/package.go:113.87,114.17 1 6
github.com/suparena/ptd/package.go:114.17,116.4 1 0
github.com/suparena/ptd/package.go:119.3,119.19 1 6
github.com/suparena/ptd/package.go:119.19,121.4 1 4
github.com/suparena/ptd/package.go:124.3,125.17 2 2
github.com/suparena/ptd/package.go:125.17,127.4 1 0
github.com/suparena/ptd/package.go:130.3,131.17 2 2
github.com/suparena/ptd/package.go:131.17,133.4 1 0
github.com/suparena/ptd/package.go:135.3,150.13 6 2
github.com/suparena/ptd/package.go:153.2,153.16 1 2
github.com/suparena/ptd/package.go:153.16,155.3 1 0
github.com/suparena/ptd/package.go:158.2,160.16 3 2
github.com/suparena/ptd/package.go:160.16,162.3 1 0
github.com/suparena/ptd/package.go:164.2,164.71 1 2
github.com/suparena/ptd/package.go:164.71,166.3 1 0
github.com/suparena/ptd/package.go:169.2,170.16 2 2
github.com/suparena/ptd/package.go:170.16,172.3 1 0
github.com/suparena/ptd/package.go:173.2,179.87 4 2
github.com/suparena/ptd/package.go:179.87,180.17 1 9
github.com/suparena/ptd/package.go:180.17,182.4 1 0
github.com/suparena/ptd/package.go:185.3,185.19 1 9
github.com/suparena/ptd/package.go:185.19,187.4 1 4
github.com/suparena/ptd/package.go:190.3,191.17 2 5
github.com/suparena/ptd/package.go:191.17,193.4 1 0
github.com/suparena/ptd/package.go:196.3,197.17 2 5
github.com/suparena/ptd/package.go:197.17,199.4 1 0
github.com/suparena/ptd/package.go:202.3,203.17 2 5
github.com/suparena/ptd/package.go:203.17,205.4 1 0
github.com/suparena/ptd/package.go:206.3,209.13 3 5
github.com/suparena/ptd/package.go:214.56,217.16 2 3
github.com/suparena/ptd/package.go:217.16,219.3 1 0
github.com/suparena/ptd/package.go:220.2,224.35 3 3
github.com/suparena/ptd/package.go:224.35,225.35 1 4
github.com/suparena/ptd/package.go:225.35,227.18 2 2
github.com/suparena/ptd/package.go:227.18,229.5 1 0
github.com/suparena/ptd/package.go:230.4,233.18 3 2
github.com/suparena/ptd/package.go:233.18,235.5 1 0
github.com/suparena/ptd/package.go:237.4,238.57 2 2
github.com/suparena/ptd/package.go:238.57,240.5 1 0
github.com/suparena/ptd/package.go:241.4,241.9 1 2
github.com/suparena/ptd/package.go:245.2,245.21 1 3
github.com/suparena/ptd/package.go:245.21,247.3 1 1
github.com/suparena/ptd/package.go:250.2,250.35 1 2
github.com/suparena/ptd/package.go:250.35,251.35 1 4
github.com/suparena/ptd/package.go:251.35,252.12 1 2
github.com/suparena/ptd/package.go:255.3,256.14 2 2
github.com/suparena/ptd/package.go:256.14,258.4 1 0
github.com/suparena/ptd/package.go:261.3,262.17 2 2
github.com/suparena/ptd/package.go:262.17,264.4 1 0
github.com/suparena/ptd/package.go:265.3,268.48 3 2
github.com/suparena/ptd/package.go:268.48,270.4 1 0
github.com/suparena/ptd/package.go:272.3,273.25 2 2
github.com/suparena/ptd/package.go:273.25,275.4 1 1
github.com/suparena/ptd/package.go:278.2,285.17 2 1
github.com/suparena/ptd/package.go:289.44,291.13 2 8
github.com/suparena/ptd/package.go:292.15,293.28 1 1
github.com/suparena/ptd/package.go:294.17,295.32 1 3
github.com/suparena/ptd/package.go:296.14,297.27 1 1
github.com/suparena/ptd/package.go:298.14,299.20 1 1
github.com/suparena/ptd/package.go:300.10,301.36 1 2
