mode: atomic
github.com/suparena/ptd/envelope.go:58.55,61.32 2 2
github.com/suparena/ptd/envelope.go:61.32,65.3 3 1
github.com/suparena/ptd/envelope.go:68.2,68.27 1 2
github.com/suparena/ptd/envelope.go:72.40,73.16 1 5
github.com/suparena/ptd/envelope.go:73.16,75.3 1 1
github.com/suparena/ptd/envelope.go:76.2,76.18 1 4
github.com/suparena/ptd/envelope.go:76.18,78.3 1 1
github.com/suparena/ptd/envelope.go:79.2,79.25 1 3
github.com/suparena/ptd/envelope.go:79.25,81.3 1 1
github.com/suparena/ptd/envelope.go:82.2,82.12 1 2
github.com/suparena/ptd/id.go:18.36,22.2 1 7
github.com/suparena/ptd/id.go:25.60,28.2 2 1121
github.com/suparena/ptd/id.go:31.45,34.2 2 12
github.com/suparena/ptd/id.go:37.90,39.21 2 14
github.com/suparena/ptd/id.go:39.21,41.3 1 7
github.com/suparena/ptd/id.go:43.2,43.23 1 7
github.com/suparena/ptd/id.go:43.23,45.3 1 1
github.com/suparena/ptd/id.go:47.2,47.42 1 6
github.com/suparena/ptd/id.go:51.33,54.2 2 6
github.com/suparena/ptd/id.go:57.28,60.2 2 14
github.com/suparena/ptd/id.go:66.43,68.2 1 16
github.com/suparena/ptd/id.go:71.28,73.2 1 5
github.com/suparena/ptd/package.go:52.46,66.2 1 4
github.com/suparena/ptd/package.go:69.80,72.47 2 3
github.com/suparena/ptd/package.go:72.47,74.3 1 0
github.com/suparena/ptd/package.go:77.2,81.16 4 3
github.com/suparena/ptd/package.go:81.16,83.3 1 0
github.com/suparena/ptd/package.go:84.2,87.34 2 3
github.com/suparena/ptd/package.go:87.34,89.17 2 4
github.com/suparena/ptd/package.go:89.17,91.4 1 0
github.com/suparena/ptd/package.go:93.3,93.59 1 4
github.com/suparena/ptd/package.go:93.59,95.4 1 0
github.com/suparena/ptd/package.go:99.2,104.12 2 3
github.com/suparena/ptd/package.go:108.58,112.16 3 2
github.com/suparena/ptd/package.go:112.16,114.3 1 0
github.com/suparena/ptd/package.go:116.2,116.71 1 2
github.com/suparena/ptd/package.go:116.71,118.3 1 0
github.com/suparena/ptd/package.go:121.2,122.16 2 2
github.com/suparena/ptd/package.go:122.16,124.3 1 0
github.com/suparena/ptd/package.go:125.2,131.86 4 2
github.com/suparena/ptd/package.go:131.86,132.17 1 10
github.com/suparena/ptd/package.go:132.17,134.4 1 0
github.com/suparena/ptd/package.go:137.3,137.19 1 10
github.com/suparena/ptd/package.go:137.19,139.4 1 4
github.com/suparena/ptd/package.go:142.3,143.17 2 6
github.com/suparena/ptd/package.go:143.17,145.4 1 0
github.com/suparena/ptd/package.go:148.3,149.17 2 6
github.com/suparena/ptd/package.go:149.17,151.4 1 0
github.com/suparena/ptd/package.go:154.3,155.17 2 6
github.com/suparena/ptd/package.go:155.17,157.4 1 0
github.com/suparena/ptd/package.go:158.3,165.17 5 6
github.com/suparena/ptd/package.go:165.17,167.4 1 0
github.com/suparena/ptd/package.go:170.3,178.13 2 6
github.com/suparena/ptd/package.go:181.2,181.12 1 2
github.com/suparena/ptd/package.go:185.56,188.16 2 3
github.com/suparena/ptd/package.go:188.16,190.3 1 0
github.com/suparena/ptd/package.go:191.2,195.35 3 3
github.com/suparena/ptd/package.go:195.35,196.35 1 4
github.com/suparena/ptd/package.go:196.35,198.18 2 2
github.com/suparena/ptd/package.go:198.18,200.5 1 0
github.com/suparena/ptd/package.go:201.4,204.18 3 2
github.com/suparena/ptd/package.go:204.18,206.5 1 0
github.com/suparena/ptd/package.go:208.4,209.57 2 2
github.com/suparena/ptd/package.go:209.57,211.5 1 0
github.com/suparena/ptd/package.go:212.4,212.9 1 2
github.com/suparena/ptd/package.go:216.2,216.21 1 3
github.com/suparena/ptd/package.go:216.21,218.3 1 1
github.com/suparena/ptd/package.go:221.2,221.35 1 2
github.com/suparena/ptd/package.go:221.35,222.35 1 3
github.com/suparena/ptd/package.go:222.35,223.12 1 1
github.com/suparena/ptd/package.go:226.3,227.14 2 2
github.com/suparena/ptd/package.go:227.14,229.4 1 1
github.com/suparena/ptd/package.go:232.3,233.17 2 1
github.com/suparena/ptd/package.go:233.17,235.4 1 0
github.com/suparena/ptd/package.go:236.3,239.48 3 1
github.com/suparena/ptd/package.go:239.48,241.4 1 0
github.com/suparena/ptd/package.go:243.3,244.25 2 1
github.com/suparena/ptd/package.go:244.25,246.4 1 1
github.com/suparena/ptd/package.go:249.2,256.17 2 0
github.com/suparena/ptd/package.go:260.44,262.13 2 12
github.com/suparena/ptd/package.go:263.15,264.28 1 3
github.com/suparena/ptd/package.go:265.17,266.32 1 3
github.com/suparena/ptd/package.go:267.14,268.27 1 1
github.com/suparena/ptd/package.go:269.14,270.20 1 1
github.com/suparena/ptd/package.go:271.10,272.36 1 4
